<?xml version="1.0" encoding="utf-8"?><testsuites><testsuite name="pytest" errors="0" failures="2" skipped="0" tests="19" time="64.025" timestamp="2026-05-28T06:21:21.576680+00:00" hostname="agent-env-a1c63395-f638-4dc3-ae96-23c9e3decfb8"><testcase classname="backend.tests.test_jarvis_backend.TestServiceInfo" name="test_root_service_info" time="0.204"><failure message="assert True is False">self = &lt;test_jarvis_backend.TestServiceInfo object at 0xf83987869450&gt;
client = &lt;requests.sessions.Session object at 0xf83987842e50&gt;

    def test_root_service_info(self, client):
        r = client.get(f"{API}/", timeout=15)
        assert r.status_code == 200
        d = r.json()
        assert d["service"] == "jarvis"
&gt;       assert d["kimi_active"] is False
E       assert True is False

backend/tests/test_jarvis_backend.py:51: AssertionError</failure></testcase><testcase classname="backend.tests.test_jarvis_backend.TestChatAndTasks" name="test_chat_trading_intent_creates_task" time="7.180" /><testcase classname="backend.tests.test_jarvis_backend.TestChatAndTasks" name="test_tasks_listing_after_chat" time="0.045" /><testcase classname="backend.tests.test_jarvis_backend.TestFeeds" name="test_trading_feed_six_tickers" time="0.043" /><testcase classname="backend.tests.test_jarvis_backend.TestFeeds" name="test_trading_feed_random_walk" time="0.285" /><testcase classname="backend.tests.test_jarvis_backend.TestFeeds" name="test_twitter_feed" time="0.080" /><testcase classname="backend.tests.test_jarvis_backend.TestFeeds" name="test_calendar_feed" time="0.081" /><testcase classname="backend.tests.test_jarvis_backend.TestFeeds" name="test_news_feed" time="0.045" /><testcase classname="backend.tests.test_jarvis_backend.TestBotStatus" name="test_bot_status" time="0.042"><failure message="assert True is False">self = &lt;test_jarvis_backend.TestBotStatus object at 0xf839878517d0&gt;
client = &lt;requests.sessions.Session object at 0xf83987842e50&gt;

    def test_bot_status(self, client):
        r = client.get(f"{API}/bot/status", timeout=15)
        assert r.status_code == 200
        d = r.json()
&gt;       assert d["kimi_active"] is False
E       assert True is False

backend/tests/test_jarvis_backend.py:135: AssertionError</failure></testcase><testcase classname="backend.tests.test_jarvis_backend.TestBotStatus" name="test_bot_positions_initial" time="0.042" /><testcase classname="backend.tests.test_jarvis_backend.TestTrade" name="test_buy_btc_then_position_reflects" time="0.088" /><testcase classname="backend.tests.test_jarvis_backend.TestTrade" name="test_trade_invalid_symbol_returns_400" time="0.081" /><testcase classname="backend.tests.test_jarvis_backend.TestTrade" name="test_trade_insufficient_cash_returns_400" time="0.043" /><testcase classname="backend.tests.test_jarvis_backend.TestSignals" name="test_generate_signal_eventually" time="27.141" /><testcase classname="backend.tests.test_jarvis_backend.TestSignals" name="test_signals_listing" time="0.045" /><testcase classname="backend.tests.test_jarvis_backend.TestSignals" name="test_approve_signal_executes" time="5.535" /><testcase classname="backend.tests.test_jarvis_backend.TestSignals" name="test_skip_signal" time="22.619" /><testcase classname="backend.tests.test_jarvis_backend.TestAutoAndReset" name="test_auto_mode_toggle" time="0.082" /><testcase classname="backend.tests.test_jarvis_backend.TestAutoAndReset" name="test_reset_clears_state" time="0.261" /></testsuite></testsuites>