<?xml version="1.0" encoding="utf-8"?><testsuites><testsuite name="pytest" errors="0" failures="0" skipped="0" tests="10" time="12.685" timestamp="2026-06-02T02:03:56.461687+00:00" hostname="agent-env-a1c63395-f638-4dc3-ae96-23c9e3decfb8"><testcase classname="backend.tests.test_backtest_routes.TestRegression" name="test_risk_posture" time="0.647" /><testcase classname="backend.tests.test_backtest_routes.TestRegression" name="test_market_regime" time="0.042" /><testcase classname="backend.tests.test_backtest_routes.TestRegression" name="test_dashboard_hero" time="0.543" /><testcase classname="backend.tests.test_backtest_routes.TestRegression" name="test_win_rate_trend" time="0.043" /><testcase classname="backend.tests.test_backtest_routes.TestBacktestRuns" name="test_list_runs" time="0.043" /><testcase classname="backend.tests.test_backtest_routes.TestBacktestRuns" name="test_drilldown_404" time="0.044" /><testcase classname="backend.tests.test_backtest_routes.TestAutoTune" name="test_tune_active_visible" time="0.095" /><testcase classname="backend.tests.test_backtest_routes.TestAutoTune" name="test_tune_completes_and_returns_results" time="9.063" /><testcase classname="backend.tests.test_backtest_routes.TestAutoTune" name="test_tune_404_unknown" time="0.043" /><testcase classname="backend.tests.test_backtest_routes.TestEngineOverrides" name="test_different_params_yield_different_runs" time="2.088" /></testsuite></testsuites>