<?xml version="1.0" encoding="utf-8"?><testsuites><testsuite name="pytest" errors="0" failures="0" skipped="0" tests="83" time="0.540" timestamp="2026-05-28T06:21:03.784259+00:00" hostname="agent-env-a1c63395-f638-4dc3-ae96-23c9e3decfb8"><testcase classname="tests.test_daily_report" name="test_inception_initialized" time="0.002" /><testcase classname="tests.test_daily_report" name="test_first_snapshot_uses_inception_as_open" time="0.001" /><testcase classname="tests.test_daily_report" name="test_subsequent_snapshot_uses_prior_close_as_open" time="0.001" /><testcase classname="tests.test_daily_report" name="test_persistence_roundtrip" time="0.001" /><testcase classname="tests.test_daily_report" name="test_summary_format_includes_all_sections" time="0.001" /><testcase classname="tests.test_daily_report" name="test_total_return_includes_locked" time="0.001" /><testcase classname="tests.test_dashboard_webhook" name="test_no_op_when_url_missing" time="0.001" /><testcase classname="tests.test_dashboard_webhook" name="test_no_op_when_token_missing" time="0.001" /><testcase classname="tests.test_dashboard_webhook" name="test_posts_with_correct_headers_and_body" time="0.001" /><testcase classname="tests.test_dashboard_webhook" name="test_returns_false_on_non_2xx" time="0.001" /><testcase classname="tests.test_dashboard_webhook" name="test_returns_false_on_network_error" time="0.001" /><testcase classname="tests.test_filters" name="test_mtf_filter_allows_when_all_timeframes_agree_long" time="0.001" /><testcase classname="tests.test_filters" name="test_mtf_filter_rejects_when_all_disagree" time="0.001" /><testcase classname="tests.test_filters" name="test_mtf_filter_allows_when_two_of_three_agree" time="0.001" /><testcase classname="tests.test_filters" name="test_mtf_filter_hold_passes_through" time="0.000" /><testcase classname="tests.test_filters" name="test_indicators_allow_long_in_uptrend" time="0.001" /><testcase classname="tests.test_filters" name="test_indicators_reject_long_in_strong_downtrend" time="0.000" /><testcase classname="tests.test_filters" name="test_indicators_short_in_downtrend_passes" time="0.001" /><testcase classname="tests.test_filters" name="test_indicators_insufficient_data_passthrough" time="0.000" /><testcase classname="tests.test_filters" name="test_session_forex_london_hours_ok" time="0.000" /><testcase classname="tests.test_filters" name="test_session_forex_weekend_rejected" time="0.000" /><testcase classname="tests.test_filters" name="test_session_forex_asia_overnight_rejected" time="0.000" /><testcase classname="tests.test_filters" name="test_session_crypto_always_open" time="0.000" /><testcase classname="tests.test_filters" name="test_session_crypto_sunday_early_morning_rejected" time="0.000" /><testcase classname="tests.test_filters" name="test_session_auto_detects_forex_underscore" time="0.000" /><testcase classname="tests.test_filters" name="test_session_auto_detects_crypto_slash" time="0.000" /><testcase classname="tests.test_filters" name="test_combined_runs_all_three_when_mtf_provided" time="0.001" /><testcase classname="tests.test_filters" name="test_combined_short_circuits_on_first_failure" time="0.000" /><testcase classname="tests.test_indicators" name="test_atr_returns_positive_float_for_enough_bars" time="0.002" /><testcase classname="tests.test_indicators" name="test_atr_returns_none_when_too_few_bars" time="0.000" /><testcase classname="tests.test_indicators" name="test_atr_missing_columns_returns_none" time="0.000" /><testcase classname="tests.test_indicators" name="test_pip_size_jpy_pairs" time="0.000" /><testcase classname="tests.test_indicators" name="test_pip_size_xau" time="0.000" /><testcase classname="tests.test_indicators" name="test_pip_size_default_fx" time="0.000" /><testcase classname="tests.test_indicators" name="test_atr_in_pips_converts_correctly" time="0.002" /><testcase classname="tests.test_indicators" name="test_adaptive_sl_pips_clamps_within_bounds" time="0.001" /><testcase classname="tests.test_indicators" name="test_adaptive_sl_pips_returns_none_for_short_data" time="0.000" /><testcase classname="tests.test_indicators" name="test_adaptive_sl_pct_returns_percentage" time="0.001" /><testcase classname="tests.test_indicators" name="test_adaptive_sl_pct_clamps_floor" time="0.001" /><testcase classname="tests.test_position_sizer" name="test_conviction_floor_at_7" time="0.000" /><testcase classname="tests.test_position_sizer" name="test_conviction_8_is_1_3x" time="0.000" /><testcase classname="tests.test_position_sizer" name="test_conviction_9_is_1_6x" time="0.000" /><testcase classname="tests.test_position_sizer" name="test_conviction_10_caps_at_2x" time="0.000" /><testcase classname="tests.test_position_sizer" name="test_conviction_below_floor_treated_as_7" time="0.000" /><testcase classname="tests.test_position_sizer" name="test_conviction_above_10_caps" time="0.000" /><testcase classname="tests.test_position_sizer" name="test_vol_calm_below_1_3_full_size" time="0.000" /><testcase classname="tests.test_position_sizer" name="test_vol_chop_half_size" time="0.000" /><testcase classname="tests.test_position_sizer" name="test_vol_block_zero_size" time="0.000" /><testcase classname="tests.test_position_sizer" name="test_vol_none_defaults_to_calm" time="0.000" /><testcase classname="tests.test_position_sizer" name="test_size_high_conviction_calm_market_scales_up" time="0.000" /><testcase classname="tests.test_position_sizer" name="test_size_floor_conviction_calm_unchanged" time="0.000" /><testcase classname="tests.test_position_sizer" name="test_size_high_conviction_chop_halves" time="0.000" /><testcase classname="tests.test_position_sizer" name="test_size_low_conviction_chop_smallest" time="0.000" /><testcase classname="tests.test_position_sizer" name="test_size_blocked_when_vol_too_high" time="0.000" /><testcase classname="tests.test_position_sizer" name="test_size_zero_base_returns_zero" time="0.000" /><testcase classname="tests.test_position_sizer" name="test_size_enforces_min_units" time="0.000" /><testcase classname="tests.test_position_sizer" name="test_size_50_base_high_conviction_calm" time="0.000" /><testcase classname="tests.test_position_sizer" name="test_size_reason_string_includes_context" time="0.000" /><testcase classname="tests.test_profit_lock" name="test_initial_state_no_lock" time="0.001" /><testcase classname="tests.test_profit_lock" name="test_lock_fires_at_exact_threshold" time="0.001" /><testcase classname="tests.test_profit_lock" name="test_lock_does_not_fire_below_threshold" time="0.001" /><testcase classname="tests.test_profit_lock" name="test_consecutive_locks_compound" time="0.001" /><testcase classname="tests.test_profit_lock" name="test_persistence_roundtrip" time="0.001" /><testcase classname="tests.test_profit_lock" name="test_drawdown_does_not_unwind_ledger" time="0.001" /><testcase classname="tests.test_profit_lock" name="test_total_wealth_computation" time="0.001" /><testcase classname="tests.test_profit_lock" name="test_zero_threshold_disables_lock" time="0.001" /><testcase classname="tests.test_synth" name="test_full_long_when_both_agree_buy" time="0.000" /><testcase classname="tests.test_synth" name="test_full_short_when_both_agree_sell" time="0.000" /><testcase classname="tests.test_synth" name="test_hold_when_kronos_disagrees" time="0.000" /><testcase classname="tests.test_synth" name="test_half_long_on_overweight_plus_kronos_buy" time="0.000" /><testcase classname="tests.test_synth" name="test_half_long_when_buy_but_kronos_skips" time="0.000" /><testcase classname="tests.test_synth" name="test_confidence_floor_low_tauric" time="0.000" /><testcase classname="tests.test_synth" name="test_hold_verdict_always_hold" time="0.000" /><testcase classname="tests.test_synth" name="test_underweight_plus_sell_is_half_short" time="0.000" /><testcase classname="tests.test_trailing_stops" name="test_buy_below_breakeven_trigger_does_nothing" time="0.000" /><testcase classname="tests.test_trailing_stops" name="test_buy_at_one_r_moves_to_breakeven" time="0.000" /><testcase classname="tests.test_trailing_stops" name="test_buy_at_two_r_trails_to_plus_one_r" time="0.000" /><testcase classname="tests.test_trailing_stops" name="test_sell_at_one_r_moves_to_breakeven" time="0.000" /><testcase classname="tests.test_trailing_stops" name="test_sell_at_two_r_trails_to_plus_one_r" time="0.000" /><testcase classname="tests.test_trailing_stops" name="test_buy_ratchet_one_way" time="0.000" /><testcase classname="tests.test_trailing_stops" name="test_sell_ratchet_one_way" time="0.000" /><testcase classname="tests.test_trailing_stops" name="test_zero_r_returns_no_change" time="0.000" /><testcase classname="tests.test_trailing_stops" name="test_missing_sl_returns_no_change" time="0.000" /></testsuite></testsuites>