<?xml version="1.0" encoding="utf-8"?><testsuites><testsuite name="pytest" errors="0" failures="0" skipped="0" tests="6" time="2.149" timestamp="2026-05-19T04:37:27.226281+00:00" hostname="agent-env-a1c63395-f638-4dc3-ae96-23c9e3decfb8"><testcase classname="backend.tests.test_market_routes.TestMarketStatus" name="test_status_shape" time="0.264" /><testcase classname="backend.tests.test_market_routes.TestFearGreed" name="test_fear_greed_shape" time="0.304" /><testcase classname="backend.tests.test_market_routes.TestRegime" name="test_regime_shape" time="0.106" /><testcase classname="backend.tests.test_market_routes.TestTopMovers" name="test_top_movers_shape" time="0.152" /><testcase classname="backend.tests.test_market_routes.TestCaching" name="test_repeated_calls_dont_bump_counter" time="1.076" /><testcase classname="backend.tests.test_market_routes.TestKeyLeakage" name="test_no_key_in_market_endpoints" time="0.206" /></testsuite></testsuites>