<?xml version="1.0" encoding="utf-8"?><testsuites name="pytest tests"><testsuite name="pytest" errors="0" failures="0" skipped="0" tests="19" time="1.992" timestamp="2026-04-26T02:57:23.886327+00:00" hostname="agent-env-a1c63395-f638-4dc3-ae96-23c9e3decfb8"><testcase classname="backend.tests.test_jarvis_backend.TestServiceInfo" name="test_root_service_info" time="0.254" /><testcase classname="backend.tests.test_jarvis_backend.TestChatAndTasks" name="test_chat_trading_intent_creates_task" time="0.052" /><testcase classname="backend.tests.test_jarvis_backend.TestChatAndTasks" name="test_tasks_listing_after_chat" time="0.049" /><testcase classname="backend.tests.test_jarvis_backend.TestFeeds" name="test_trading_feed_six_tickers" time="0.047" /><testcase classname="backend.tests.test_jarvis_backend.TestFeeds" name="test_trading_feed_random_walk" time="0.295" /><testcase classname="backend.tests.test_jarvis_backend.TestFeeds" name="test_twitter_feed" time="0.049" /><testcase classname="backend.tests.test_jarvis_backend.TestFeeds" name="test_calendar_feed" time="0.047" /><testcase classname="backend.tests.test_jarvis_backend.TestFeeds" name="test_news_feed" time="0.048" /><testcase classname="backend.tests.test_jarvis_backend.TestBotStatus" name="test_bot_status" time="0.048" /><testcase classname="backend.tests.test_jarvis_backend.TestBotStatus" name="test_bot_positions_initial" time="0.047" /><testcase classname="backend.tests.test_jarvis_backend.TestTrade" name="test_buy_btc_then_position_reflects" time="0.103" /><testcase classname="backend.tests.test_jarvis_backend.TestTrade" name="test_trade_invalid_symbol_returns_400" time="0.050" /><testcase classname="backend.tests.test_jarvis_backend.TestTrade" name="test_trade_insufficient_cash_returns_400" time="0.046" /><testcase classname="backend.tests.test_jarvis_backend.TestSignals" name="test_generate_signal_eventually" time="0.056" /><testcase classname="backend.tests.test_jarvis_backend.TestSignals" name="test_signals_listing" time="0.051" /><testcase classname="backend.tests.test_jarvis_backend.TestSignals" name="test_approve_signal_executes" time="0.163" /><testcase classname="backend.tests.test_jarvis_backend.TestSignals" name="test_skip_signal" time="0.157" /><testcase classname="backend.tests.test_jarvis_backend.TestAutoAndReset" name="test_auto_mode_toggle" time="0.095" /><testcase classname="backend.tests.test_jarvis_backend.TestAutoAndReset" name="test_reset_clears_state" time="0.200" /></testsuite></testsuites>