<?xml version="1.0" encoding="utf-8"?><testsuites><testsuite name="pytest" errors="0" failures="0" skipped="0" tests="8" time="2.072" timestamp="2026-05-27T20:53:37.234866+00:00" hostname="agent-env-a1c63395-f638-4dc3-ae96-23c9e3decfb8"><testcase classname="backend.tests.test_risk_gate" name="test_status_returns_full_shape" time="0.572" /><testcase classname="backend.tests.test_risk_gate" name="test_status_no_override_is_auto" time="0.242" /><testcase classname="backend.tests.test_risk_gate" name="test_override_on_sets_active_true" time="0.277" /><testcase classname="backend.tests.test_risk_gate" name="test_override_off_sets_active_false" time="0.150" /><testcase classname="backend.tests.test_risk_gate" name="test_override_auto_clears" time="0.305" /><testcase classname="backend.tests.test_risk_gate" name="test_override_invalid_400" time="0.147" /><testcase classname="backend.tests.test_risk_gate" name="test_status_cached_fast" time="0.238" /><testcase classname="backend.tests.test_risk_gate" name="test_auto_logic_thresholds" time="0.110" /></testsuite></testsuites>